Arguments: 
  /opt/homebrew/Cellar/node/17.9.0/bin/node /opt/homebrew/Cellar/yarn/1.22.18/libexec/bin/yarn.js add @rails/actiontext trix

PATH: 
  /Users/lydiakoilparambil/.asdf/installs/ruby/3.1.0/lib/ruby/gems/3.1.0/bin:/Users/lydiakoilparambil/.asdf/installs/ruby/3.1.0/bin:/Users/lydiakoilparambil/.asdf/shims:/opt/homebrew/opt/asdf/libexec/bin:/Users/lydiakoilparambil/.asdf/shims/ruby:/opt/homebrew/bin:/opt/homebrew/sbin:/usr/local/bin:/usr/bin:/bin:/usr/sbin:/sbin:/Library/Apple/usr/bin:/Applications/Postgres.app/Contents/Versions/latest/bin:/Users/lydiakoilparambil/.fig/bin

Yarn version: 
  1.22.18

Node version: 
  17.9.0

Platform: 
  darwin arm64

Trace: 
  Error: https://registry.yarnpkg.com/@rails%2factiontext: ETIMEDOUT
      at Timeout._onTimeout (/opt/homebrew/Cellar/yarn/1.22.18/libexec/lib/cli.js:141543:19)
      at listOnTimeout (node:internal/timers:559:17)
      at processTimers (node:internal/timers:502:7)

npm manifest: 
  {}

yarn manifest: 
  No manifest

Lockfile: 
  # THIS IS AN AUTOGENERATED FILE. DO NOT EDIT THIS FILE DIRECTLY.
  # yarn lockfile v1
  
  
  "editorjs-html@^3.4.2":
    "integrity" "sha512-Gy8FV4oHMvnPDXLsdpZYW0Dgjaagff9bPd28/WW9aFdy87FvktJxQz8H+NKpxiGcGoNY27MmjFffurK2yhXjEg=="
    "resolved" "https://registry.npmjs.org/editorjs-html/-/editorjs-html-3.4.2.tgz"
    "version" "3.4.2"
